# JRE version: OpenJDK Runtime Environment (8.0_242-b01) (build 1.8.0_242-release-1644-b01)
# Java VM: OpenJDK 64-Bit Server VM (25.242-b01 mixed mode windows-amd64 compressed oops)
Heap:
 PSYoungGen      total 66560K, used 58050K [0x00000000e0000000, 0x00000000e4c00000, 0x0000000100000000)
  eden space 56832K, 87% used [0x00000000e0000000,0x00000000e3099db0,0x00000000e3780000)
  from space 9728K, 85% used [0x00000000e4180000,0x00000000e4996bf0,0x00000000e4b00000)
  to   space 10240K, 0% used [0x00000000e3780000,0x00000000e3780000,0x00000000e4180000)
 ParOldGen       total 45568K, used 7930K [0x00000000a0000000, 0x00000000a2c80000, 0x00000000e0000000)
  object space 45568K, 17% used [0x00000000a0000000,0x00000000a07beb20,0x00000000a2c80000)
 Metaspace       used 32062K, capacity 32726K, committed 33024K, reserved 1077248K
  class space    used 4331K, capacity 4530K, committed 4608K, reserved 1048576K
GC Heap History (10 events):
Event: 3.096 GC heap before
{Heap before GC invocations=5 (full 0):
 PSYoungGen      total 33280K, used 33272K [0x00000000e0000000, 0x00000000e4100000, 0x0000000100000000)
  eden space 28672K, 100% used [0x00000000e0000000,0x00000000e1c00000,0x00000000e1c00000)
  from space 4608K, 99% used [0x00000000e2080000,0x00000000e24fe030,0x00000000e2500000)
  to   space 4608K, 0% used [0x00000000e1c00000,0x00000000e1c00000,0x00000000e2080000)
 ParOldGen       total 76800K, used 4496K [0x00000000a0000000, 0x00000000a4b00000, 0x00000000e0000000)
  object space 76800K, 5% used [0x00000000a0000000,0x00000000a0464190,0x00000000a4b00000)
 Metaspace       used 16894K, capacity 17322K, committed 17408K, reserved 1064960K
  class space    used 2425K, capacity 2559K, committed 2560K, reserved 1048576K
Event: 3.104 GC heap after
Heap after GC invocations=5 (full 0):
 PSYoungGen      total 33280K, used 4584K [0x00000000e0000000, 0x00000000e4b00000, 0x0000000100000000)
  eden space 28672K, 0% used [0x00000000e0000000,0x00000000e0000000,0x00000000e1c00000)
  from space 4608K, 99% used [0x00000000e1c00000,0x00000000e207a040,0x00000000e2080000)
  to   space 9728K, 0% used [0x00000000e4180000,0x00000000e4180000,0x00000000e4b00000)
 ParOldGen       total 76800K, used 7718K [0x00000000a0000000, 0x00000000a4b00000, 0x00000000e0000000)
  object space 76800K, 10% used [0x00000000a0000000,0x00000000a07898b0,0x00000000a4b00000)
 Metaspace       used 16894K, capacity 17322K, committed 17408K, reserved 1064960K
  class space    used 2425K, capacity 2559K, committed 2560K, reserved 1048576K
}
Event: 6.412 GC heap before
{Heap before GC invocations=6 (full 0):
 PSYoungGen      total 33280K, used 33256K [0x00000000e0000000, 0x00000000e4b00000, 0x0000000100000000)
  eden space 28672K, 100% used [0x00000000e0000000,0x00000000e1c00000,0x00000000e1c00000)
  from space 4608K, 99% used [0x00000000e1c00000,0x00000000e207a040,0x00000000e2080000)
  to   space 9728K, 0% used [0x00000000e4180000,0x00000000e4180000,0x00000000e4b00000)
 ParOldGen       total 76800K, used 7718K [0x00000000a0000000, 0x00000000a4b00000, 0x00000000e0000000)
  object space 76800K, 10% used [0x00000000a0000000,0x00000000a07898b0,0x00000000a4b00000)
 Metaspace       used 19504K, capacity 20156K, committed 20224K, reserved 1067008K
  class space    used 2823K, capacity 3036K, committed 3072K, reserved 1048576K
Event: 6.421 GC heap after
Heap after GC invocations=6 (full 0):
 PSYoungGen      total 66560K, used 8071K [0x00000000e0000000, 0x00000000e4c00000, 0x0000000100000000)
  eden space 56832K, 0% used [0x00000000e0000000,0x00000000e0000000,0x00000000e3780000)
  from space 9728K, 82% used [0x00000000e4180000,0x00000000e4961e68,0x00000000e4b00000)
  to   space 10240K, 0% used [0x00000000e3780000,0x00000000e3780000,0x00000000e4180000)
 ParOldGen       total 76800K, used 7726K [0x00000000a0000000, 0x00000000a4b00000, 0x00000000e0000000)
  object space 76800K, 10% used [0x00000000a0000000,0x00000000a078b8b0,0x00000000a4b00000)
 Metaspace       used 19504K, capacity 20156K, committed 20224K, reserved 1067008K
  class space    used 2823K, capacity 3036K, committed 3072K, reserved 1048576K
}
Event: 6.547 GC heap before
{Heap before GC invocations=7 (full 0):
 PSYoungGen      total 66560K, used 16946K [0x00000000e0000000, 0x00000000e4c00000, 0x0000000100000000)
  eden space 56832K, 15% used [0x00000000e0000000,0x00000000e08aab00,0x00000000e3780000)
  from space 9728K, 82% used [0x00000000e4180000,0x00000000e4961e68,0x00000000e4b00000)
  to   space 10240K, 0% used [0x00000000e3780000,0x00000000e3780000,0x00000000e4180000)
 ParOldGen       total 76800K, used 7726K [0x00000000a0000000, 0x00000000a4b00000, 0x00000000e0000000)
  object space 76800K, 10% used [0x00000000a0000000,0x00000000a078b8b0,0x00000000a4b00000)
 Metaspace       used 20625K, capacity 21220K, committed 21296K, reserved 1067008K
  class space    used 2943K, capacity 3134K, committed 3200K, reserved 1048576K
Event: 6.558 GC heap after
Heap after GC invocations=7 (full 0):
 PSYoungGen      total 67072K, used 5068K [0x00000000e0000000, 0x00000000e4c00000, 0x0000000100000000)
  eden space 56832K, 0% used [0x00000000e0000000,0x00000000e0000000,0x00000000e3780000)
  from space 10240K, 49% used [0x00000000e3780000,0x00000000e3c73248,0x00000000e4180000)
  to   space 9728K, 0% used [0x00000000e4180000,0x00000000e4180000,0x00000000e4b00000)
 ParOldGen       total 76800K, used 9637K [0x00000000a0000000, 0x00000000a4b00000, 0x00000000e0000000)
  object space 76800K, 12% used [0x00000000a0000000,0x00000000a09697b0,0x00000000a4b00000)
 Metaspace       used 20625K, capacity 21220K, committed 21296K, reserved 1067008K
  class space    used 2943K, capacity 3134K, committed 3200K, reserved 1048576K
}
Event: 6.558 GC heap before
{Heap before GC invocations=8 (full 1):
 PSYoungGen      total 67072K, used 5068K [0x00000000e0000000, 0x00000000e4c00000, 0x0000000100000000)
  eden space 56832K, 0% used [0x00000000e0000000,0x00000000e0000000,0x00000000e3780000)
  from space 10240K, 49% used [0x00000000e3780000,0x00000000e3c73248,0x00000000e4180000)
  to   space 9728K, 0% used [0x00000000e4180000,0x00000000e4180000,0x00000000e4b00000)
 ParOldGen       total 76800K, used 9637K [0x00000000a0000000, 0x00000000a4b00000, 0x00000000e0000000)
  object space 76800K, 12% used [0x00000000a0000000,0x00000000a09697b0,0x00000000a4b00000)
 Metaspace       used 20625K, capacity 21220K, committed 21296K, reserved 1067008K
  class space    used 2943K, capacity 3134K, committed 3200K, reserved 1048576K
Event: 6.593 GC heap after
Heap after GC invocations=8 (full 1):
 PSYoungGen      total 67072K, used 0K [0x00000000e0000000, 0x00000000e4c00000, 0x0000000100000000)
  eden space 56832K, 0% used [0x00000000e0000000,0x00000000e0000000,0x00000000e3780000)
  from space 10240K, 0% used [0x00000000e3780000,0x00000000e3780000,0x00000000e4180000)
  to   space 9728K, 0% used [0x00000000e4180000,0x00000000e4180000,0x00000000e4b00000)
 ParOldGen       total 45568K, used 7922K [0x00000000a0000000, 0x00000000a2c80000, 0x00000000e0000000)
  object space 45568K, 17% used [0x00000000a0000000,0x00000000a07bcb20,0x00000000a2c80000)
 Metaspace       used 20625K, capacity 21220K, committed 21296K, reserved 1067008K
  class space    used 2943K, capacity 3134K, committed 3200K, reserved 1048576K
}
Event: 7.799 GC heap before
{Heap before GC invocations=9 (full 1):
 PSYoungGen      total 67072K, used 56832K [0x00000000e0000000, 0x00000000e4c00000, 0x0000000100000000)
  eden space 56832K, 100% used [0x00000000e0000000,0x00000000e3780000,0x00000000e3780000)
  from space 10240K, 0% used [0x00000000e3780000,0x00000000e3780000,0x00000000e4180000)
  to   space 9728K, 0% used [0x00000000e4180000,0x00000000e4180000,0x00000000e4b00000)
 ParOldGen       total 45568K, used 7922K [0x00000000a0000000, 0x00000000a2c80000, 0x00000000e0000000)
  object space 45568K, 17% used [0x00000000a0000000,0x00000000a07bcb20,0x00000000a2c80000)
 Metaspace       used 28766K, capacity 29438K, committed 29696K, reserved 1075200K
  class space    used 3787K, capacity 4014K, committed 4096K, reserved 1048576K
Event: 7.805 GC heap after
Heap after GC invocations=9 (full 1):
 PSYoungGen      total 66560K, used 8282K [0x00000000e0000000, 0x00000000e4c00000, 0x0000000100000000)
  eden space 56832K, 0% used [0x00000000e0000000,0x00000000e0000000,0x00000000e3780000)
  from space 9728K, 85% used [0x00000000e4180000,0x00000000e4996bf0,0x00000000e4b00000)
  to   space 10240K, 0% used [0x00000000e3780000,0x00000000e3780000,0x00000000e4180000)
 ParOldGen       total 45568K, used 7930K [0x00000000a0000000, 0x00000000a2c80000, 0x00000000e0000000)
  object space 45568K, 17% used [0x00000000a0000000,0x00000000a07beb20,0x00000000a2c80000)
 Metaspace       used 28766K, capacity 29438K, committed 29696K, reserved 1075200K
  class space    used 3787K, capacity 4014K, committed 4096K, reserved 1048576K
}

